core/build/intermediates/manifest_merge_blame_file/debug/manifest-merger-blame-debug-report.txt
1<?xml version="1.0" encoding="utf-8"?>
2<manifest xmlns:android="http://schemas.android.com/apk/res/android"
3    xmlns:tools="http://schemas.android.com/tools"
4    package="br.com.gabrielmarcos.core" >
5
6    <uses-sdk
7        android:minSdkVersion="26"
7-->src/main/AndroidManifest.xml
8        android:targetSdkVersion="29" />
8-->src/main/AndroidManifest.xml
9
10    <application
10-->src/main/AndroidManifest.xml:5:5-7:61
11        android:supportsRtl="true"
11-->src/main/AndroidManifest.xml:6:9-35
12        tools:ignore="AllowBackup,MissingApplicationIcon" />
12-->src/main/AndroidManifest.xml:7:9-58
13
14</manifest>